<?xml version="1.0" encoding="UTF-8" ?>
<testsuites>
 <testsuite name="Import From CSV" timestamp="2016-03-29T15:50:46" hostname="localhost" time="93.494" errors="0" tests="3" skipped="0" disabled="0" failures="0">
  <testcase classname="Import From CSV" name="test " time="12.924" />
  <testcase classname="Import From CSV" name="Import From Putty: " time="75.546" />
  <testcase classname="Import From CSV" name="Import From PuttyImport session with Duplicates and allow only TELNET" time="5.018" />
 </testsuite>
</testsuites>